{"meta": {"version": "7.2.3", "timestamp": "2023-04-14T10:33:48.777975", "branch_coverage": false, "show_contexts": false}, "files": {"main/admin.py": {"executed_lines": [1, 2, 4, 7, 8, 11, 14, 15, 16, 19, 20, 21, 24, 25, 26, 50, 51, 52, 53], "summary": {"covered_lines": 19, "num_statements": 19, "percent_covered": 100.0, "percent_covered_display": "100", "missing_lines": 0, "excluded_lines": 0}, "missing_lines": [], "excluded_lines": []}, "main/apps.py": {"executed_lines": [1, 4, 5, 6], "summary": {"covered_lines": 4, "num_statements": 4, "percent_covered": 100.0, "percent_covered_display": "100", "missing_lines": 0, "excluded_lines": 0}, "missing_lines": [], "excluded_lines": []}, "main/migrations/0001_initial.py": {"executed_lines": [3, 4, 5, 6, 7, 8, 9, 12, 13, 15, 19], "summary": {"covered_lines": 11, "num_statements": 11, "percent_covered": 100.0, "percent_covered_display": "100", "missing_lines": 0, "excluded_lines": 0}, "missing_lines": [], "excluded_lines": []}, "main/models/tag.py": {"executed_lines": [1, 2, 5, 6, 7, 9, 10, 12, 13], "summary": {"covered_lines": 9, "num_statements": 9, "percent_covered": 100.0, "percent_covered_display": "100", "missing_lines": 0, "excluded_lines": 0}, "missing_lines": [], "excluded_lines": []}, "main/models/task.py": {"executed_lines": [1, 2, 3, 6, 7, 8, 9, 10, 11, 12, 13, 14, 16, 17, 18, 19, 21, 22, 32, 40, 41, 42, 43, 44, 47, 48, 52, 53, 55, 56], "summary": {"covered_lines": 30, "num_statements": 30, "percent_covered": 100.0, "percent_covered_display": "100", "missing_lines": 0, "excluded_lines": 0}, "missing_lines": [], "excluded_lines": []}, "main/models/user.py": {"executed_lines": [1, 2, 5, 6, 7, 8, 9, 11, 12, 13, 16, 17, 19, 20, 22, 23, 26, 27, 28, 29, 31, 32, 35, 36, 38, 39, 42, 43, 45, 46], "summary": {"covered_lines": 30, "num_statements": 30, "percent_covered": 100.0, "percent_covered_display": "100", "missing_lines": 0, "excluded_lines": 0}, "missing_lines": [], "excluded_lines": []}, "main/permission.py": {"executed_lines": [1, 4, 5, 6, 7, 8], "summary": {"covered_lines": 6, "num_statements": 6, "percent_covered": 100.0, "percent_covered_display": "100", "missing_lines": 0, "excluded_lines": 0}, "missing_lines": [], "excluded_lines": []}, "main/serializer.py": {"executed_lines": [1, 2, 5, 6, 7, 8, 21, 22, 23, 24, 27, 28, 29, 31, 32, 33, 38, 39, 40, 41, 45, 48, 49, 50, 52, 53, 54, 59, 60, 61, 62, 64, 65, 66], "summary": {"covered_lines": 34, "num_statements": 38, "percent_covered": 89.47368421052632, "percent_covered_display": "89", "missing_lines": 4, "excluded_lines": 0}, "missing_lines": [34, 35, 55, 56], "excluded_lines": []}, "main/views.py": {"executed_lines": [1, 2, 3, 5, 6, 7, 8, 11, 12, 14, 15, 16, 19, 20, 21, 22, 23, 24, 26, 27, 29, 32, 35, 36, 37, 41, 45, 50, 51, 52, 55, 56, 57, 58, 59, 60, 62, 63, 66, 67, 68, 69], "summary": {"covered_lines": 42, "num_statements": 43, "percent_covered": 97.67441860465117, "percent_covered_display": "98", "missing_lines": 1, "excluded_lines": 0}, "missing_lines": [30], "excluded_lines": []}, "manage.py": {"executed_lines": [], "summary": {"covered_lines": 0, "num_statements": 10, "percent_covered": 0.0, "percent_covered_display": "0", "missing_lines": 10, "excluded_lines": 2}, "missing_lines": [2, 3, 4, 7, 9, 10, 11, 12, 13, 18], "excluded_lines": [21, 22]}, "task_manager/asgi.py": {"executed_lines": [], "summary": {"covered_lines": 0, "num_statements": 4, "percent_covered": 0.0, "percent_covered_display": "0", "missing_lines": 4, "excluded_lines": 0}, "missing_lines": [10, 12, 14, 16], "excluded_lines": []}, "task_manager/settings.py": {"executed_lines": [1, 13, 14, 17, 23, 26, 28, 30, 36, 50, 60, 62, 78, 84, 98, 116, 118, 120, 122, 127, 132, 134], "summary": {"covered_lines": 21, "num_statements": 21, "percent_covered": 100.0, "percent_covered_display": "100", "missing_lines": 0, "excluded_lines": 0}, "missing_lines": [], "excluded_lines": []}, "task_manager/urls.py": {"executed_lines": [1, 16, 17, 18, 20, 21, 22, 23, 24, 29, 41, 42, 47, 52, 58], "summary": {"covered_lines": 14, "num_statements": 14, "percent_covered": 100.0, "percent_covered_display": "100", "missing_lines": 0, "excluded_lines": 0}, "missing_lines": [], "excluded_lines": []}, "task_manager/wsgi.py": {"executed_lines": [], "summary": {"covered_lines": 0, "num_statements": 4, "percent_covered": 0.0, "percent_covered_display": "0", "missing_lines": 4, "excluded_lines": 0}, "missing_lines": [10, 12, 14, 16], "excluded_lines": []}, "test/base.py": {"executed_lines": [1, 2, 4, 5, 6, 9, 10, 11, 12, 13, 15, 16, 17, 18, 19, 23, 24, 25, 27, 28, 29, 31, 32, 34, 37, 38, 40, 41, 42, 43, 45, 48, 51, 52, 53, 54, 56, 57, 60, 61, 62, 64, 65, 68, 69, 70, 72, 73, 76, 77, 78], "summary": {"covered_lines": 51, "num_statements": 55, "percent_covered": 92.72727272727273, "percent_covered_display": "93", "missing_lines": 4, "excluded_lines": 0}, "missing_lines": [49, 58, 66, 74], "excluded_lines": []}, "test/factories.py": {"executed_lines": [1, 2, 3, 4, 6, 9, 10, 11, 13, 14, 15, 16, 17, 21, 22, 23, 26, 27, 28, 30, 33, 34, 35, 37, 38, 41, 45, 46, 47], "summary": {"covered_lines": 29, "num_statements": 29, "percent_covered": 100.0, "percent_covered_display": "100", "missing_lines": 0, "excluded_lines": 0}, "missing_lines": [], "excluded_lines": []}, "test/test_admin.py": {"executed_lines": [1, 2, 3, 4, 5, 6, 9, 10, 11, 13, 14, 15, 16, 21, 22, 24, 25, 28, 29, 31, 32, 35, 36, 37, 38, 40, 41, 43, 44, 45, 47, 48, 51, 52], "summary": {"covered_lines": 34, "num_statements": 35, "percent_covered": 97.14285714285714, "percent_covered_display": "97", "missing_lines": 1, "excluded_lines": 0}, "missing_lines": [33], "excluded_lines": []}, "test/test_permissions.py": {"executed_lines": [1, 2, 3, 4, 5, 8, 9, 10, 11, 12, 13, 14, 15, 23, 24, 25, 26, 28, 29, 30, 31, 33, 34, 35, 36, 38, 39, 40, 41, 43, 44, 45, 46, 48, 49, 50, 51], "summary": {"covered_lines": 37, "num_statements": 37, "percent_covered": 100.0, "percent_covered_display": "100", "missing_lines": 0, "excluded_lines": 0}, "missing_lines": [], "excluded_lines": []}, "test/test_simplejwt.py": {"executed_lines": [1, 3, 4, 5, 6, 8, 11, 12, 13, 14, 16, 17, 18, 20, 21, 22, 23, 24, 28, 29, 30, 32, 33, 34, 36, 37, 38, 39, 40, 42, 43, 44, 46, 47, 48, 49, 50, 52, 53, 54, 55, 57, 58, 59, 60, 61, 63, 64, 65, 66, 67, 68, 69, 71, 72, 73, 74, 75, 76], "summary": {"covered_lines": 59, "num_statements": 59, "percent_covered": 100.0, "percent_covered_display": "100", "missing_lines": 0, "excluded_lines": 0}, "missing_lines": [], "excluded_lines": []}, "test/test_tag.py": {"executed_lines": [1, 2, 3, 4, 7, 8, 9, 10, 12, 13, 14, 16, 17, 18, 20, 21, 22, 23, 25, 26, 27, 28, 30, 33, 35, 36, 37, 38, 39, 41, 42, 43, 44, 45], "summary": {"covered_lines": 34, "num_statements": 34, "percent_covered": 100.0, "percent_covered_display": "100", "missing_lines": 0, "excluded_lines": 0}, "missing_lines": [], "excluded_lines": []}, "test/test_task.py": {"executed_lines": [1, 2, 4, 5, 6, 7, 10, 11, 13, 14, 15, 16, 17, 18, 19, 28, 38, 39, 40, 42, 43, 44, 46, 47, 48, 49, 51, 52, 53, 54, 56, 59, 61, 62, 63, 64, 65, 67, 68, 69, 70, 71, 73, 74, 83, 84, 85, 87, 88, 89, 91, 92, 93, 95, 96, 97, 99, 100, 103, 106, 107, 108, 109, 110, 112, 113, 114, 116, 117, 118, 120, 121, 122, 124, 125, 128, 131, 133, 134, 135, 136, 138, 139, 140, 142, 143, 144, 146, 147, 148, 149, 150, 151, 152, 153, 155, 156, 157, 159, 160, 161, 163, 164, 165], "summary": {"covered_lines": 104, "num_statements": 104, "percent_covered": 100.0, "percent_covered_display": "100", "missing_lines": 0, "excluded_lines": 0}, "missing_lines": [], "excluded_lines": []}, "test/test_user.py": {"executed_lines": [1, 2, 3, 5, 6, 7, 10, 11, 12, 13, 15, 16, 17, 19, 20, 21, 22, 24, 25, 26, 27, 29, 32, 34, 35, 36, 38, 39, 40, 41, 42, 44, 45, 46, 47, 48, 51, 52, 54, 55, 56, 58, 59, 60, 61, 63, 64, 65, 66, 68, 69, 70, 72, 73, 74], "summary": {"covered_lines": 55, "num_statements": 55, "percent_covered": 100.0, "percent_covered_display": "100", "missing_lines": 0, "excluded_lines": 0}, "missing_lines": [], "excluded_lines": []}}, "totals": {"covered_lines": 623, "num_statements": 651, "percent_covered": 95.6989247311828, "percent_covered_display": "96", "missing_lines": 28, "excluded_lines": 2}}